<?xml version="1.0" encoding="UTF-8"?>
<testng-results ignored="0" total="1" passed="1" failed="0" skipped="0">
  <reporter-output>
  </reporter-output>
  <suite started-at="2023-08-05T20:32:39 BDT" name="Default suite" finished-at="2023-08-05T20:32:40 BDT" duration-ms="493">
    <groups>
    </groups>
    <test started-at="2023-08-05T20:32:39 BDT" name="Default test" finished-at="2023-08-05T20:32:40 BDT" duration-ms="493">
      <class name="excleproperties.Sunday">
        <test-method signature="test2()[pri:0, instance:excleproperties.Sunday@6b8ca3c8]" started-at="2023-08-05T20:32:39 BDT" name="test2" finished-at="2023-08-05T20:32:40 BDT" duration-ms="468" status="PASS">
          <reporter-output>
          </reporter-output>
        </test-method> <!-- test2 -->
      </class> <!-- excleproperties.Sunday -->
    </test> <!-- Default test -->
  </suite> <!-- Default suite -->
</testng-results>
